<?xml version="1.0" encoding="UTF-8"?>
<!-- Generated by org.testng.reporters.JUnitReportReporter -->
<testsuite skipped="0" hostname="DESKTOP-DEGCR13" name="com.testdemo.Testcases.login" tests="1" failures="0" timestamp="2021-09-04T20:21:14 IST" time="1.214" errors="0">
  <testcase name="login_home" time="1.214" classname="com.testdemo.Testcases.login"/>
  <system-out/>
</testsuite> <!-- com.testdemo.Testcases.login -->
