<?xml version="1.0" encoding="UTF-8"?>
<!-- Generated by org.testng.reporters.JUnitReportReporter -->
<testsuite hostname="DESKTOP-6DKMVGB" failures="0" tests="1" name="com.testdemo.Testcases.LogoutTest" time="8.465" errors="0" timestamp="2022-07-09T23:45:30 IST" skipped="0">
  <testcase classname="com.testdemo.Testcases.LogoutTest" name="test" time="8.465"/>
  <system-out/>
</testsuite> <!-- com.testdemo.Testcases.LogoutTest -->
