<?xml version="1.0" encoding="UTF-8"?>
<!-- Generated by org.testng.reporters.JUnitReportReporter -->
<testsuite hostname="DESKTOP-6DKMVGB" failures="0" tests="1" name="com.testdemo.unittest.extent_reports" time="0.213" errors="0" timestamp="2022-07-09T23:45:30 IST" skipped="0">
  <testcase classname="com.testdemo.unittest.extent_reports" name="test" time="0.213"/>
  <system-out/>
</testsuite> <!-- com.testdemo.unittest.extent_reports -->
