<?xml version="1.0" encoding="UTF-8"?>
<!-- Generated by org.testng.reporters.JUnitReportReporter -->
<testsuite hostname="DESKTOP-6DKMVGB" failures="0" tests="1" name="com.testdemo.Testcases.Logintest" time="11.711" errors="0" timestamp="2022-07-09T23:45:30 IST" skipped="0">
  <testcase classname="com.testdemo.Testcases.Logintest" name="test" time="11.711"/>
  <system-out/>
</testsuite> <!-- com.testdemo.Testcases.Logintest -->
